<?xml version="1.0" encoding="UTF-8"?>
<!-- Generated by org.testng.reporters.JUnitXMLReporter -->
<testsuite hostname="Kranthi-Koura" ignored="0" name="Assignment Test" tests="3" failures="0" timestamp="2021-05-27T19:23:29 IST" time="53.102" errors="0">
  <testcase name="selectItems" time="9.399" classname="com.jquery.testscases.SelectablePageTest"/>
  <testcase name="SelectControlPage" time="9.032" classname="com.jquery.testscases.ControlgroupPageTest"/>
  <testcase name="dragAndDrop" time="4.366" classname="com.jquery.testscases.DroppablePageTest"/>
</testsuite> <!-- Assignment Test -->
