<?xml version="1.0" encoding="UTF-8"?>
<!-- Generated by org.testng.reporters.JUnitXMLReporter -->
<testsuite hostname="Kranthi-Koura" ignored="0" name="FirstTest" tests="3" failures="0" timestamp="2021-05-26T14:29:45 IST" time="0.144" errors="0">
  <testcase name="@BeforeMethod setUp" time="0.005" classname="com.jquery.testscases.HomePageTest">
    <failure type="java.lang.NullPointerException">
      <![CDATA[java.lang.NullPointerException
at com.jquery.base.TestBase.initialization(TestBase.java:60)
at com.jquery.testscases.HomePageTest.setUp(HomePageTest.java:22)
at java.util.ArrayList.forEach(ArrayList.java:1257)
... Removed 31 stack frames]]>
    </failure>
  </testcase> <!-- @BeforeMethod setUp -->
  <testcase name="@AfterMethod TearDown" time="-1.622019585336E9" classname="com.jquery.testscases.HomePageTest">
    <skipped/>
  </testcase> <!-- @AfterMethod TearDown -->
  <testcase name="@BeforeMethod setUp" time="-1.622019585341E9" classname="com.jquery.testscases.HomePageTest">
    <skipped/>
  </testcase> <!-- @BeforeMethod setUp -->
  <testcase name="@AfterMethod TearDown" time="-1.622019585356E9" classname="com.jquery.testscases.HomePageTest">
    <skipped/>
  </testcase> <!-- @AfterMethod TearDown -->
  <testcase name="@BeforeMethod setUp" time="-1.622019585363E9" classname="com.jquery.testscases.HomePageTest">
    <skipped/>
  </testcase> <!-- @BeforeMethod setUp -->
  <testcase name="@AfterMethod TearDown" time="-1.622019585379E9" classname="com.jquery.testscases.HomePageTest">
    <skipped/>
  </testcase> <!-- @AfterMethod TearDown -->
  <testcase name="clickonDroppable" time="0.0" classname="com.jquery.testscases.HomePageTest">
    <skipped/>
  </testcase> <!-- clickonDroppable -->
  <testcase name="clickonSelectable" time="0.0" classname="com.jquery.testscases.HomePageTest">
    <skipped/>
  </testcase> <!-- clickonSelectable -->
  <testcase name="clickonControlgroup" time="0.0" classname="com.jquery.testscases.HomePageTest">
    <skipped/>
  </testcase> <!-- clickonControlgroup -->
</testsuite> <!-- FirstTest -->
