<?xml version="1.0" encoding="UTF-8"?>
<!-- Generated by org.testng.reporters.JUnitXMLReporter -->
<testsuite hostname="Kranthi-Koura" ignored="0" name="RestAssured Test" tests="4" failures="1" timestamp="2021-05-27T19:25:48 IST" time="4.884" errors="0">
  <testcase name="testResponsecode" time="3.988" classname="com.RestAssured.Test.GetRequest"/>
  <testcase name="postTest" time="4.614" classname="com.RestAssured.Test.JsonSchemaValidator">
    <failure type="java.lang.IllegalArgumentException" message="Schema to use cannot be null">
      <![CDATA[java.lang.IllegalArgumentException: Schema to use cannot be null
at io.restassured.module.jsv.JsonSchemaValidator.validateSchemaIsNotNull(JsonSchemaValidator.java:270)
at io.restassured.module.jsv.JsonSchemaValidator.access$300(JsonSchemaValidator.java:75)
at io.restassured.module.jsv.JsonSchemaValidator$JsonSchemaValidatorFactory.create(JsonSchemaValidator.java:281)
at io.restassured.module.jsv.JsonSchemaValidator.matchesJsonSchema(JsonSchemaValidator.java:166)
at io.restassured.module.jsv.JsonSchemaValidator.matchesJsonSchemaInClasspath(JsonSchemaValidator.java:117)
at com.RestAssured.Test.JsonSchemaValidator.postTest(JsonSchemaValidator.java:19)
at java.util.concurrent.ThreadPoolExecutor.runWorker(ThreadPoolExecutor.java:1149)
at java.util.concurrent.ThreadPoolExecutor$Worker.run(ThreadPoolExecutor.java:624)
at java.lang.Thread.run(Thread.java:748)
... Removed 12 stack frames]]>
    </failure>
  </testcase> <!-- postTest -->
  <testcase name="postTest" time="4.663" classname="com.RestAssured.Test.PostRequest"/>
  <testcase name="test_2" time="4.815" classname="com.RestAssured.Test.GetRequest"/>
</testsuite> <!-- RestAssured Test -->
