<?xml version="1.0" encoding="UTF-8"?>
<testng-results skipped="0" failed="0" ignored="0" total="1" passed="1">
  <reporter-output>
  </reporter-output>
  <suite name="Default suite" duration-ms="17002" started-at="2021-05-27T19:35:06 IST" finished-at="2021-05-27T19:35:23 IST">
    <groups>
    </groups>
    <test name="Default test" duration-ms="17002" started-at="2021-05-27T19:35:06 IST" finished-at="2021-05-27T19:35:23 IST">
      <class name="com.jquery.testscases.DroppablePageTest">
        <test-method status="PASS" signature="initialization()[pri:0, instance:com.jquery.testscases.DroppablePageTest@7cbd213e]" name="initialization" is-config="true" duration-ms="10463" started-at="2021-05-27T19:35:06 IST" finished-at="2021-05-27T19:35:17 IST">
          <reporter-output>
          </reporter-output>
        </test-method> <!-- initialization -->
        <test-method status="PASS" signature="dragAndDrop()[pri:0, instance:com.jquery.testscases.DroppablePageTest@7cbd213e]" name="dragAndDrop" duration-ms="5705" started-at="2021-05-27T19:35:17 IST" finished-at="2021-05-27T19:35:22 IST">
          <reporter-output>
          </reporter-output>
        </test-method> <!-- dragAndDrop -->
        <test-method status="PASS" signature="tearDown()[pri:0, instance:com.jquery.testscases.DroppablePageTest@7cbd213e]" name="tearDown" is-config="true" duration-ms="766" started-at="2021-05-27T19:35:22 IST" finished-at="2021-05-27T19:35:23 IST">
          <reporter-output>
          </reporter-output>
        </test-method> <!-- tearDown -->
      </class> <!-- com.jquery.testscases.DroppablePageTest -->
    </test> <!-- Default test -->
  </suite> <!-- Default suite -->
</testng-results>
